Сборка начата 15.03.2017 8:04:58.
     1>Проект "D:\Study\2 курс\2 семестр\КГиГ\Лабораторные\Lab-3\Lab-3\Lab-3.vcxproj" в узле 2 (целевые объекты Build).
     1>ClCompile:
         C:\Program Files (x86)\Microsoft Visual Studio 12.0\VC\bin\CL.exe /c /ZI /nologo /W3 /WX- /sdl /Od /Oy- /D WIN32 /D _DEBUG /D _WINDOWS /D _UNICODE /D UNICODE /D _AFXDLL /Gm /EHsc /RTC1 /MDd /GS /fp:precise /Zc:wchar_t /Zc:forScope /Fo"Debug\\" /Fd"Debug\vc120.pdb" /Gd /TP /analyze- /errorReport:prompt main.cpp
         main.cpp
         _WIN32_WINNT not defined. Defaulting to _WIN32_WINNT_MAXVER (see WinSDKVer.h)
     1>d:\study\2 курс\2 семестр\кгиг\лабораторные\lab-3\lab-3\cplot2d.h(148): warning C4244: аргумент: преобразование "double" в "int", возможна потеря данных
     1>d:\study\2 курс\2 семестр\кгиг\лабораторные\lab-3\lab-3\cmainwnd.h(163): warning C4244: инициализация: преобразование "double" в "int", возможна потеря данных
     1>d:\study\2 курс\2 семестр\кгиг\лабораторные\lab-3\lab-3\cmainwnd.h(187): warning C4244: инициализация: преобразование "double" в "int", возможна потеря данных
     1>d:\study\2 курс\2 семестр\кгиг\лабораторные\lab-3\lab-3\cmainwnd.h(211): warning C4244: инициализация: преобразование "double" в "int", возможна потеря данных
     1>d:\study\2 курс\2 семестр\кгиг\лабораторные\lab-3\lab-3\cmainwnd.h(235): warning C4244: инициализация: преобразование "double" в "int", возможна потеря данных
     1>d:\study\2 курс\2 семестр\кгиг\лабораторные\lab-3\lab-3\cmainwnd.h(264): warning C4244: инициализация: преобразование "double" в "int", возможна потеря данных
     1>d:\study\2 курс\2 семестр\кгиг\лабораторные\lab-3\lab-3\cmainwnd.h(281): warning C4244: =: преобразование "double" в "int", возможна потеря данных
     1>d:\study\2 курс\2 семестр\кгиг\лабораторные\lab-3\lab-3\cmainwnd.h(299): warning C4244: =: преобразование "double" в "int", возможна потеря данных
     1>d:\study\2 курс\2 семестр\кгиг\лабораторные\lab-3\lab-3\cmainwnd.h(321): warning C4244: =: преобразование "double" в "int", возможна потеря данных
       Link:
         C:\Program Files (x86)\Microsoft Visual Studio 12.0\VC\bin\link.exe /ERRORREPORT:PROMPT /OUT:"D:\Study\2 курс\2 семестр\КГиГ\Лабораторные\Lab-3\Debug\Lab-3.exe" /INCREMENTAL /NOLOGO /MANIFEST /MANIFESTUAC:"level='asInvoker' uiAccess='false'" /manifest:embed /manifestinput:"C:\Program Files (x86)\Microsoft Visual Studio 12.0\VC\Include\Manifest\dpiaware.manifest" /DEBUG /PDB:"D:\Study\2 курс\2 семестр\КГиГ\Лабораторные\Lab-3\Debug\Lab-3.pdb" /SUBSYSTEM:WINDOWS /TLBID:1 /ENTRY:"wWinMainCRTStartup" /DYNAMICBASE /NXCOMPAT /IMPLIB:"D:\Study\2 курс\2 семестр\КГиГ\Лабораторные\Lab-3\Debug\Lab-3.lib" /MACHINE:X86 "Debug\Lab-3.res"
         Debug\CMatrix.obj
         Debug\main.obj
         Lab-3.vcxproj -> D:\Study\2 курс\2 семестр\КГиГ\Лабораторные\Lab-3\Debug\Lab-3.exe
     1>Сборка проекта "D:\Study\2 курс\2 семестр\КГиГ\Лабораторные\Lab-3\Lab-3\Lab-3.vcxproj" завершена (целевые объекты Build).

Сборка успешно завершена.

Затраченное время: 00:00:02.86
