Сборка начата 28.03.2017 14:38:17.
     1>Проект "C:\Users\dima-\Desktop\Lab-4\Lab-4\Lab-4.vcxproj" в узле 2 (целевые объекты Build).
     1>ClCompile:
         C:\Program Files (x86)\Microsoft Visual Studio 12.0\VC\bin\CL.exe /c /ZI /nologo /W3 /WX- /sdl /Od /Oy- /D WIN32 /D _DEBUG /D _WINDOWS /D _UNICODE /D UNICODE /D _AFXDLL /Gm /EHsc /RTC1 /MDd /GS /fp:precise /Zc:wchar_t /Zc:forScope /Fo"Debug\\" /Fd"Debug\vc120.pdb" /Gd /TP /analyze- /errorReport:prompt main.cpp
         main.cpp
         _WIN32_WINNT not defined. Defaulting to _WIN32_WINNT_MAXVER (see WinSDKVer.h)
     1>c:\users\dima-\desktop\lab-4\lab-4\cplot2d.h(148): warning C4244: аргумент: преобразование "double" в "int", возможна потеря данных
     1>c:\users\dima-\desktop\lab-4\lab-4\cmainwnd.h(126): warning C4244: инициализация: преобразование "double" в "int", возможна потеря данных
     1>c:\users\dima-\desktop\lab-4\lab-4\cmainwnd.h(149): warning C4244: инициализация: преобразование "double" в "int", возможна потеря данных
     1>c:\users\dima-\desktop\lab-4\lab-4\cmainwnd.h(172): warning C4244: инициализация: преобразование "double" в "int", возможна потеря данных
     1>c:\users\dima-\desktop\lab-4\lab-4\cmainwnd.h(195): warning C4244: инициализация: преобразование "double" в "int", возможна потеря данных
     1>c:\users\dima-\desktop\lab-4\lab-4\cmainwnd.h(223): warning C4244: инициализация: преобразование "double" в "int", возможна потеря данных
     1>c:\users\dima-\desktop\lab-4\lab-4\cmainwnd.h(242): warning C4244: инициализация: преобразование "double" в "int", возможна потеря данных
     1>c:\users\dima-\desktop\lab-4\lab-4\cmainwnd.h(261): warning C4244: инициализация: преобразование "double" в "int", возможна потеря данных
     1>c:\users\dima-\desktop\lab-4\lab-4\cmainwnd.h(280): warning C4244: инициализация: преобразование "double" в "int", возможна потеря данных
       Link:
         C:\Program Files (x86)\Microsoft Visual Studio 12.0\VC\bin\link.exe /ERRORREPORT:PROMPT /OUT:"C:\Users\dima-\Desktop\Lab-4\Debug\Lab-4.exe" /INCREMENTAL /NOLOGO /MANIFEST /MANIFESTUAC:"level='asInvoker' uiAccess='false'" /manifest:embed /manifestinput:"C:\Program Files (x86)\Microsoft Visual Studio 12.0\VC\Include\Manifest\dpiaware.manifest" /DEBUG /PDB:"C:\Users\dima-\Desktop\Lab-4\Debug\Lab-4.pdb" /SUBSYSTEM:WINDOWS /TLBID:1 /ENTRY:"wWinMainCRTStartup" /DYNAMICBASE /NXCOMPAT /IMPLIB:"C:\Users\dima-\Desktop\Lab-4\Debug\Lab-4.lib" /MACHINE:X86 "Debug\Lab-4.res"
         Debug\CMatrix.obj
         Debug\main.obj
         Lab-4.vcxproj -> C:\Users\dima-\Desktop\Lab-4\Debug\Lab-4.exe
     1>Сборка проекта "C:\Users\dima-\Desktop\Lab-4\Lab-4\Lab-4.vcxproj" завершена (целевые объекты Build).

Сборка успешно завершена.

Затраченное время: 00:00:03.68
